<html>
<head>
<title>TestNG:  Test</title>
<link href="../testng.css" rel="stylesheet" type="text/css" />
<link href="../my-testng.css" rel="stylesheet" type="text/css" />

<style type="text/css">
.log { display: none;} 
.stack-trace { display: none;} 
</style>
<script type="text/javascript">
<!--
function flip(e) {
  current = e.style.display;
  if (current == 'block') {
    e.style.display = 'none';
    return 0;
  }
  else {
    e.style.display = 'block';
    return 1;
  }
}

function toggleBox(szDivId, elem, msg1, msg2)
{
  var res = -1;  if (document.getElementById) {
    res = flip(document.getElementById(szDivId));
  }
  else if (document.all) {
    // this is the way old msie versions work
    res = flip(document.all[szDivId]);
  }
  if(elem) {
    if(res == 0) elem.innerHTML = msg1; else elem.innerHTML = msg2;
  }

}

function toggleAllBoxes() {
  if (document.getElementsByTagName) {
    d = document.getElementsByTagName('div');
    for (i = 0; i < d.length; i++) {
      if (d[i].className == 'log') {
        flip(d[i]);
      }
    }
  }
}

// -->
</script>

</head>
<body>
<h2 align='center'>Test</h2><table border='1' align="center">
<tr>
<td>Tests passed/Failed/Skipped:</td><td>0/0/2</td>
</tr><tr>
<td>Started on:</td><td>Wed Nov 30 13:53:57 EST 2022</td>
</tr>
<tr><td>Total time:</td><td>134 seconds (134212 ms)</td>
</tr><tr>
<td>Included groups:</td><td></td>
</tr><tr>
<td>Excluded groups:</td><td></td>
</tr>
</table><p/>
<small><i>(Hover the method name to see the test class name)</i></small><p/>
<table width='100%' border='1' class='invocation-failed'>
<tr><td colspan='4' align='center'><b>FAILED CONFIGURATIONS</b></td></tr>
<tr><td><b>Test method</b></td>
<td width="30%"><b>Exception</b></td>
<td width="10%"><b>Time (seconds)</b></td>
<td><b>Instance</b></td>
</tr>
<tr>
<td title='com.leaftaps.testcases.TC002_CreateLead.preCondition()'><b>preCondition</b><br>Test class: com.leaftaps.testcases.TC002_CreateLead</td>
<td><div><pre>java.lang.NullPointerException: Cannot invoke &quot;org.openqa.selenium.remote.RemoteWebDriver.getScreenshotAs(org.openqa.selenium.OutputType)&quot; because the return value of &quot;com.framework.selenium.api.base.SeleniumBase.getDriver()&quot; is null
	at com.framework.selenium.api.base.SeleniumBase.takeSnap(SeleniumBase.java:851)
	at com.framework.utils.Reporter.reportStep(Reporter.java:81)
	at com.framework.utils.Reporter.reportStep(Reporter.java:108)
	at com.framework.selenium.api.base.SeleniumBase.startApp(SeleniumBase.java:579)
	at com.framework.testng.api.base.ProjectSpecificMethods.preCondition(ProjectSpecificMethods.java:21)
	at java.base/java.util.concurrent.ThreadPoolExecutor.runWorker(ThreadPoolExecutor.java:1136)
	at java.base/java.util.concurrent.ThreadPoolExecutor$Worker.run(ThreadPoolExecutor.java:635)
	at java.base/java.lang.Thread.run(Thread.java:833)
... Removed 16 stack frames</pre></div><a href='#' onClick='toggleBox("stack-trace1191684346", this, "Click to show all stack frames", "Click to hide stack frames")'>Click to show all stack frames</a>
<div class='stack-trace' id='stack-trace1191684346'><pre>java.lang.NullPointerException: Cannot invoke &quot;org.openqa.selenium.remote.RemoteWebDriver.getScreenshotAs(org.openqa.selenium.OutputType)&quot; because the return value of &quot;com.framework.selenium.api.base.SeleniumBase.getDriver()&quot; is null
	at com.framework.selenium.api.base.SeleniumBase.takeSnap(SeleniumBase.java:851)
	at com.framework.utils.Reporter.reportStep(Reporter.java:81)
	at com.framework.utils.Reporter.reportStep(Reporter.java:108)
	at com.framework.selenium.api.base.SeleniumBase.startApp(SeleniumBase.java:579)
	at com.framework.testng.api.base.ProjectSpecificMethods.preCondition(ProjectSpecificMethods.java:21)
	at java.base/jdk.internal.reflect.NativeMethodAccessorImpl.invoke0(Native Method)
	at java.base/jdk.internal.reflect.NativeMethodAccessorImpl.invoke(NativeMethodAccessorImpl.java:77)
	at java.base/jdk.internal.reflect.DelegatingMethodAccessorImpl.invoke(DelegatingMethodAccessorImpl.java:43)
	at java.base/java.lang.reflect.Method.invoke(Method.java:568)
	at org.testng.internal.MethodInvocationHelper.invokeMethod(MethodInvocationHelper.java:132)
	at org.testng.internal.MethodInvocationHelper.invokeMethodConsideringTimeout(MethodInvocationHelper.java:61)
	at org.testng.internal.ConfigInvoker.invokeConfigurationMethod(ConfigInvoker.java:366)
	at org.testng.internal.ConfigInvoker.invokeConfigurations(ConfigInvoker.java:320)
	at org.testng.internal.TestInvoker.runConfigMethods(TestInvoker.java:701)
	at org.testng.internal.TestInvoker.invokeMethod(TestInvoker.java:527)
	at org.testng.internal.TestInvoker.invokeTestMethod(TestInvoker.java:174)
	at org.testng.internal.MethodRunner.runInSequence(MethodRunner.java:46)
	at org.testng.internal.TestInvoker$MethodInvocationAgent.invoke(TestInvoker.java:822)
	at org.testng.internal.TestInvoker.invokeTestMethods(TestInvoker.java:147)
	at org.testng.internal.TestMethodWorker.invokeTestMethods(TestMethodWorker.java:146)
	at org.testng.internal.TestMethodWorker.run(TestMethodWorker.java:128)
	at java.base/java.util.concurrent.ThreadPoolExecutor.runWorker(ThreadPoolExecutor.java:1136)
	at java.base/java.util.concurrent.ThreadPoolExecutor$Worker.run(ThreadPoolExecutor.java:635)
	at java.base/java.lang.Thread.run(Thread.java:833)
</pre></div></td>
<td>127</td>
<td>com.leaftaps.testcases.TC002_CreateLead@54e1c68b</td></tr>
<tr>
<td title='com.leaftaps.testcases.TC001_VerifyLogin.preCondition()'><b>preCondition</b><br>Test class: com.leaftaps.testcases.TC001_VerifyLogin</td>
<td><div><pre>java.lang.NullPointerException: Cannot invoke &quot;org.openqa.selenium.remote.RemoteWebDriver.getScreenshotAs(org.openqa.selenium.OutputType)&quot; because the return value of &quot;com.framework.selenium.api.base.SeleniumBase.getDriver()&quot; is null
	at com.framework.selenium.api.base.SeleniumBase.takeSnap(SeleniumBase.java:851)
	at com.framework.utils.Reporter.reportStep(Reporter.java:81)
	at com.framework.utils.Reporter.reportStep(Reporter.java:108)
	at com.framework.selenium.api.base.SeleniumBase.startApp(SeleniumBase.java:579)
	at com.framework.testng.api.base.ProjectSpecificMethods.preCondition(ProjectSpecificMethods.java:21)
	at java.base/java.util.concurrent.ThreadPoolExecutor.runWorker(ThreadPoolExecutor.java:1136)
	at java.base/java.util.concurrent.ThreadPoolExecutor$Worker.run(ThreadPoolExecutor.java:635)
	at java.base/java.lang.Thread.run(Thread.java:833)
... Removed 16 stack frames</pre></div><a href='#' onClick='toggleBox("stack-trace7505430", this, "Click to show all stack frames", "Click to hide stack frames")'>Click to show all stack frames</a>
<div class='stack-trace' id='stack-trace7505430'><pre>java.lang.NullPointerException: Cannot invoke &quot;org.openqa.selenium.remote.RemoteWebDriver.getScreenshotAs(org.openqa.selenium.OutputType)&quot; because the return value of &quot;com.framework.selenium.api.base.SeleniumBase.getDriver()&quot; is null
	at com.framework.selenium.api.base.SeleniumBase.takeSnap(SeleniumBase.java:851)
	at com.framework.utils.Reporter.reportStep(Reporter.java:81)
	at com.framework.utils.Reporter.reportStep(Reporter.java:108)
	at com.framework.selenium.api.base.SeleniumBase.startApp(SeleniumBase.java:579)
	at com.framework.testng.api.base.ProjectSpecificMethods.preCondition(ProjectSpecificMethods.java:21)
	at java.base/jdk.internal.reflect.NativeMethodAccessorImpl.invoke0(Native Method)
	at java.base/jdk.internal.reflect.NativeMethodAccessorImpl.invoke(NativeMethodAccessorImpl.java:77)
	at java.base/jdk.internal.reflect.DelegatingMethodAccessorImpl.invoke(DelegatingMethodAccessorImpl.java:43)
	at java.base/java.lang.reflect.Method.invoke(Method.java:568)
	at org.testng.internal.MethodInvocationHelper.invokeMethod(MethodInvocationHelper.java:132)
	at org.testng.internal.MethodInvocationHelper.invokeMethodConsideringTimeout(MethodInvocationHelper.java:61)
	at org.testng.internal.ConfigInvoker.invokeConfigurationMethod(ConfigInvoker.java:366)
	at org.testng.internal.ConfigInvoker.invokeConfigurations(ConfigInvoker.java:320)
	at org.testng.internal.TestInvoker.runConfigMethods(TestInvoker.java:701)
	at org.testng.internal.TestInvoker.invokeMethod(TestInvoker.java:527)
	at org.testng.internal.TestInvoker.invokeTestMethod(TestInvoker.java:174)
	at org.testng.internal.MethodRunner.runInSequence(MethodRunner.java:46)
	at org.testng.internal.TestInvoker$MethodInvocationAgent.invoke(TestInvoker.java:822)
	at org.testng.internal.TestInvoker.invokeTestMethods(TestInvoker.java:147)
	at org.testng.internal.TestMethodWorker.invokeTestMethods(TestMethodWorker.java:146)
	at org.testng.internal.TestMethodWorker.run(TestMethodWorker.java:128)
	at java.base/java.util.concurrent.ThreadPoolExecutor.runWorker(ThreadPoolExecutor.java:1136)
	at java.base/java.util.concurrent.ThreadPoolExecutor$Worker.run(ThreadPoolExecutor.java:635)
	at java.base/java.lang.Thread.run(Thread.java:833)
</pre></div></td>
<td>127</td>
<td>com.leaftaps.testcases.TC001_VerifyLogin@72e5a8e</td></tr>
</table><p>
<table width='100%' border='1' class='invocation-skipped'>
<tr><td colspan='4' align='center'><b>SKIPPED CONFIGURATIONS</b></td></tr>
<tr><td><b>Test method</b></td>
<td width="30%"><b>Exception</b></td>
<td width="10%"><b>Time (seconds)</b></td>
<td><b>Instance</b></td>
</tr>
<tr>
<td title='com.leaftaps.testcases.TC002_CreateLead.postCondition()'><b>postCondition</b><br>Test class: com.leaftaps.testcases.TC002_CreateLead</td>
<td></td>
<td>-1669834569</td>
<td>com.leaftaps.testcases.TC002_CreateLead@54e1c68b</td></tr>
<tr>
<td title='com.leaftaps.testcases.TC001_VerifyLogin.postCondition()'><b>postCondition</b><br>Test class: com.leaftaps.testcases.TC001_VerifyLogin</td>
<td></td>
<td>-1669834569</td>
<td>com.leaftaps.testcases.TC001_VerifyLogin@72e5a8e</td></tr>
</table><p>
<table width='100%' border='1' class='invocation-skipped'>
<tr><td colspan='4' align='center'><b>SKIPPED TESTS</b></td></tr>
<tr><td><b>Test method</b></td>
<td width="30%"><b>Exception</b></td>
<td width="10%"><b>Time (seconds)</b></td>
<td><b>Instance</b></td>
</tr>
<tr>
<td title='com.leaftaps.testcases.TC002_CreateLead.runLogin()'><b>runLogin</b><br>Test class: com.leaftaps.testcases.TC002_CreateLead<br>Parameters: Demosalesmanager, crmsfa, Babu, M, Testleaf</td>
<td><div><pre>java.lang.NullPointerException: Cannot invoke &quot;org.openqa.selenium.remote.RemoteWebDriver.getScreenshotAs(org.openqa.selenium.OutputType)&quot; because the return value of &quot;com.framework.selenium.api.base.SeleniumBase.getDriver()&quot; is null
	at com.framework.selenium.api.base.SeleniumBase.takeSnap(SeleniumBase.java:851)
	at com.framework.utils.Reporter.reportStep(Reporter.java:81)
	at com.framework.utils.Reporter.reportStep(Reporter.java:108)
	at com.framework.selenium.api.base.SeleniumBase.startApp(SeleniumBase.java:579)
	at com.framework.testng.api.base.ProjectSpecificMethods.preCondition(ProjectSpecificMethods.java:21)
	at java.base/java.util.concurrent.ThreadPoolExecutor.runWorker(ThreadPoolExecutor.java:1136)
	at java.base/java.util.concurrent.ThreadPoolExecutor$Worker.run(ThreadPoolExecutor.java:635)
	at java.base/java.lang.Thread.run(Thread.java:833)
... Removed 16 stack frames</pre></div><a href='#' onClick='toggleBox("stack-trace1116934327", this, "Click to show all stack frames", "Click to hide stack frames")'>Click to show all stack frames</a>
<div class='stack-trace' id='stack-trace1116934327'><pre>java.lang.NullPointerException: Cannot invoke &quot;org.openqa.selenium.remote.RemoteWebDriver.getScreenshotAs(org.openqa.selenium.OutputType)&quot; because the return value of &quot;com.framework.selenium.api.base.SeleniumBase.getDriver()&quot; is null
	at com.framework.selenium.api.base.SeleniumBase.takeSnap(SeleniumBase.java:851)
	at com.framework.utils.Reporter.reportStep(Reporter.java:81)
	at com.framework.utils.Reporter.reportStep(Reporter.java:108)
	at com.framework.selenium.api.base.SeleniumBase.startApp(SeleniumBase.java:579)
	at com.framework.testng.api.base.ProjectSpecificMethods.preCondition(ProjectSpecificMethods.java:21)
	at java.base/jdk.internal.reflect.NativeMethodAccessorImpl.invoke0(Native Method)
	at java.base/jdk.internal.reflect.NativeMethodAccessorImpl.invoke(NativeMethodAccessorImpl.java:77)
	at java.base/jdk.internal.reflect.DelegatingMethodAccessorImpl.invoke(DelegatingMethodAccessorImpl.java:43)
	at java.base/java.lang.reflect.Method.invoke(Method.java:568)
	at org.testng.internal.MethodInvocationHelper.invokeMethod(MethodInvocationHelper.java:132)
	at org.testng.internal.MethodInvocationHelper.invokeMethodConsideringTimeout(MethodInvocationHelper.java:61)
	at org.testng.internal.ConfigInvoker.invokeConfigurationMethod(ConfigInvoker.java:366)
	at org.testng.internal.ConfigInvoker.invokeConfigurations(ConfigInvoker.java:320)
	at org.testng.internal.TestInvoker.runConfigMethods(TestInvoker.java:701)
	at org.testng.internal.TestInvoker.invokeMethod(TestInvoker.java:527)
	at org.testng.internal.TestInvoker.invokeTestMethod(TestInvoker.java:174)
	at org.testng.internal.MethodRunner.runInSequence(MethodRunner.java:46)
	at org.testng.internal.TestInvoker$MethodInvocationAgent.invoke(TestInvoker.java:822)
	at org.testng.internal.TestInvoker.invokeTestMethods(TestInvoker.java:147)
	at org.testng.internal.TestMethodWorker.invokeTestMethods(TestMethodWorker.java:146)
	at org.testng.internal.TestMethodWorker.run(TestMethodWorker.java:128)
	at java.base/java.util.concurrent.ThreadPoolExecutor.runWorker(ThreadPoolExecutor.java:1136)
	at java.base/java.util.concurrent.ThreadPoolExecutor$Worker.run(ThreadPoolExecutor.java:635)
	at java.base/java.lang.Thread.run(Thread.java:833)
</pre></div></td>
<td>0</td>
<td>com.leaftaps.testcases.TC002_CreateLead@54e1c68b</td></tr>
<tr>
<td title='com.leaftaps.testcases.TC001_VerifyLogin.runLogin()'><b>runLogin</b><br>Test class: com.leaftaps.testcases.TC001_VerifyLogin<br>Parameters: Demosalesmanager, crmsfa</td>
<td><div><pre>java.lang.NullPointerException: Cannot invoke &quot;org.openqa.selenium.remote.RemoteWebDriver.getScreenshotAs(org.openqa.selenium.OutputType)&quot; because the return value of &quot;com.framework.selenium.api.base.SeleniumBase.getDriver()&quot; is null
	at com.framework.selenium.api.base.SeleniumBase.takeSnap(SeleniumBase.java:851)
	at com.framework.utils.Reporter.reportStep(Reporter.java:81)
	at com.framework.utils.Reporter.reportStep(Reporter.java:108)
	at com.framework.selenium.api.base.SeleniumBase.startApp(SeleniumBase.java:579)
	at com.framework.testng.api.base.ProjectSpecificMethods.preCondition(ProjectSpecificMethods.java:21)
	at java.base/java.util.concurrent.ThreadPoolExecutor.runWorker(ThreadPoolExecutor.java:1136)
	at java.base/java.util.concurrent.ThreadPoolExecutor$Worker.run(ThreadPoolExecutor.java:635)
	at java.base/java.lang.Thread.run(Thread.java:833)
... Removed 16 stack frames</pre></div><a href='#' onClick='toggleBox("stack-trace754823936", this, "Click to show all stack frames", "Click to hide stack frames")'>Click to show all stack frames</a>
<div class='stack-trace' id='stack-trace754823936'><pre>java.lang.NullPointerException: Cannot invoke &quot;org.openqa.selenium.remote.RemoteWebDriver.getScreenshotAs(org.openqa.selenium.OutputType)&quot; because the return value of &quot;com.framework.selenium.api.base.SeleniumBase.getDriver()&quot; is null
	at com.framework.selenium.api.base.SeleniumBase.takeSnap(SeleniumBase.java:851)
	at com.framework.utils.Reporter.reportStep(Reporter.java:81)
	at com.framework.utils.Reporter.reportStep(Reporter.java:108)
	at com.framework.selenium.api.base.SeleniumBase.startApp(SeleniumBase.java:579)
	at com.framework.testng.api.base.ProjectSpecificMethods.preCondition(ProjectSpecificMethods.java:21)
	at java.base/jdk.internal.reflect.NativeMethodAccessorImpl.invoke0(Native Method)
	at java.base/jdk.internal.reflect.NativeMethodAccessorImpl.invoke(NativeMethodAccessorImpl.java:77)
	at java.base/jdk.internal.reflect.DelegatingMethodAccessorImpl.invoke(DelegatingMethodAccessorImpl.java:43)
	at java.base/java.lang.reflect.Method.invoke(Method.java:568)
	at org.testng.internal.MethodInvocationHelper.invokeMethod(MethodInvocationHelper.java:132)
	at org.testng.internal.MethodInvocationHelper.invokeMethodConsideringTimeout(MethodInvocationHelper.java:61)
	at org.testng.internal.ConfigInvoker.invokeConfigurationMethod(ConfigInvoker.java:366)
	at org.testng.internal.ConfigInvoker.invokeConfigurations(ConfigInvoker.java:320)
	at org.testng.internal.TestInvoker.runConfigMethods(TestInvoker.java:701)
	at org.testng.internal.TestInvoker.invokeMethod(TestInvoker.java:527)
	at org.testng.internal.TestInvoker.invokeTestMethod(TestInvoker.java:174)
	at org.testng.internal.MethodRunner.runInSequence(MethodRunner.java:46)
	at org.testng.internal.TestInvoker$MethodInvocationAgent.invoke(TestInvoker.java:822)
	at org.testng.internal.TestInvoker.invokeTestMethods(TestInvoker.java:147)
	at org.testng.internal.TestMethodWorker.invokeTestMethods(TestMethodWorker.java:146)
	at org.testng.internal.TestMethodWorker.run(TestMethodWorker.java:128)
	at java.base/java.util.concurrent.ThreadPoolExecutor.runWorker(ThreadPoolExecutor.java:1136)
	at java.base/java.util.concurrent.ThreadPoolExecutor$Worker.run(ThreadPoolExecutor.java:635)
	at java.base/java.lang.Thread.run(Thread.java:833)
</pre></div></td>
<td>0</td>
<td>com.leaftaps.testcases.TC001_VerifyLogin@72e5a8e</td></tr>
</table><p>
</body>
</html>